Arguments: 
  C:\Program Files\nodejs\node.exe C:\Users\Vladislav\AppData\Roaming\npm\node_modules\yarn\bin\yarn.js add json2xls here-maps-node node-html-parse request

PATH: 
  C:\Program Files (x86)\Common Files\Oracle\Java\javapath;C:\Program Files (x86)\Intel\iCLS Client\;C:\Program Files\Intel\iCLS Client\;C:\Windows\system32;C:\Windows;C:\Windows\System32\Wbem;C:\Windows\System32\WindowsPowerShell\v1.0\;C:\Program Files (x86)\Intel\Intel(R) Management Engine Components\DAL;C:\Program Files\Intel\Intel(R) Management Engine Components\DAL;C:\Program Files (x86)\Intel\Intel(R) Management Engine Components\IPT;C:\Program Files\Intel\Intel(R) Management Engine Components\IPT;C:\Program Files (x86)\NVIDIA Corporation\PhysX\Common;C:\Program Files\nodejs\;C:\Program Files\Git\cmd;C:\WINDOWS\system32;C:\WINDOWS;C:\WINDOWS\System32\Wbem;C:\WINDOWS\System32\WindowsPowerShell\v1.0\;C:\WINDOWS\System32\OpenSSH\;C:\Users\Vladislav\AppData\Local\Microsoft\WindowsApps;C:\Users\Vladislav\AppData\Roaming\npm;C:\Users\Vladislav\AppData\Local\Programs\Microsoft VS Code\bin;C:\Users\Vladislav\AppData\Local\Android\Sdk\platform-tools;

Yarn version: 
  1.10.1

Node version: 
  8.12.0

Platform: 
  win32 x64

Trace: 
  Error: https://registry.yarnpkg.com/node-html-parse: Not found
      at Request.params.callback [as _callback] (C:\Users\Vladislav\AppData\Roaming\npm\node_modules\yarn\lib\cli.js:61073:18)
      at Request.self.callback (C:\Users\Vladislav\AppData\Roaming\npm\node_modules\yarn\lib\cli.js:120166:22)
      at emitTwo (events.js:126:13)
      at Request.emit (events.js:214:7)
      at Request.<anonymous> (C:\Users\Vladislav\AppData\Roaming\npm\node_modules\yarn\lib\cli.js:121138:10)
      at emitOne (events.js:116:13)
      at Request.emit (events.js:211:7)
      at IncomingMessage.<anonymous> (C:\Users\Vladislav\AppData\Roaming\npm\node_modules\yarn\lib\cli.js:121060:12)
      at Object.onceWrapper (events.js:313:30)
      at emitNone (events.js:111:20)

npm manifest: 
  {
    "scripts": {
      "start": "node server.js"
    },
    "dependencies": {
      "body-parser": "^1.18.3",
      "express": "^4.16.4",
      "faker": "^4.1.0",
      "ml-kmeans": "^4.2.1",
      "mongodb": "^3.1.10",
      "multer": "^1.4.1",
      "node-kmeans": "^1.1.8",
      "xlsx": "^0.14.1"
    }
  }

yarn manifest: 
  No manifest

Lockfile: 
  # THIS IS AN AUTOGENERATED FILE. DO NOT EDIT THIS FILE DIRECTLY.
  # yarn lockfile v1
  
  
  accepts@~1.3.5:
    version "1.3.5"
    resolved "https://registry.yarnpkg.com/accepts/-/accepts-1.3.5.tgz#eb777df6011723a3b14e8a72c0805c8e86746bd2"
    integrity sha1-63d99gEXI6OxTopywIBcjoZ0a9I=
    dependencies:
      mime-types "~2.1.18"
      negotiator "0.6.1"
  
  adler-32@~1.2.0:
    version "1.2.0"
    resolved "https://registry.yarnpkg.com/adler-32/-/adler-32-1.2.0.tgz#6a3e6bf0a63900ba15652808cb15c6813d1a5f25"
    integrity sha1-aj5r8KY5ALoVZSgIyxXGgT0aXyU=
    dependencies:
      exit-on-epipe "~1.0.1"
      printj "~1.1.0"
  
  append-field@^1.0.0:
    version "1.0.0"
    resolved "https://registry.yarnpkg.com/append-field/-/append-field-1.0.0.tgz#1e3440e915f0b1203d23748e78edd7b9b5b43e56"
    integrity sha1-HjRA6RXwsSA9I3SOeO3XubW0PlY=
  
  array-flatten@1.1.1:
    version "1.1.1"
    resolved "https://registry.yarnpkg.com/array-flatten/-/array-flatten-1.1.1.tgz#9a5f699051b1e7073328f2a008968b64ea2955d2"
    integrity sha1-ml9pkFGx5wczKPKgCJaLZOopVdI=
  
  body-parser@1.18.3, body-parser@^1.18.3:
    version "1.18.3"
    resolved "https://registry.yarnpkg.com/body-parser/-/body-parser-1.18.3.tgz#5b292198ffdd553b3a0f20ded0592b956955c8b4"
    integrity sha1-WykhmP/dVTs6DyDe0FkrlWlVyLQ=
    dependencies:
      bytes "3.0.0"
      content-type "~1.0.4"
      debug "2.6.9"
      depd "~1.1.2"
      http-errors "~1.6.3"
      iconv-lite "0.4.23"
      on-finished "~2.3.0"
      qs "6.5.2"
      raw-body "2.3.3"
      type-is "~1.6.16"
  
  bson@^1.1.0:
    version "1.1.0"
    resolved "https://registry.yarnpkg.com/bson/-/bson-1.1.0.tgz#bee57d1fb6a87713471af4e32bcae36de814b5b0"
    integrity sha512-9Aeai9TacfNtWXOYarkFJRW2CWo+dRon+fuLZYJmvLV3+MiUp0bEI6IAZfXEIg7/Pl/7IWlLaDnhzTsD81etQA==
  
  buffer-from@^1.0.0:
    version "1.1.1"
    resolved "https://registry.yarnpkg.com/buffer-from/-/buffer-from-1.1.1.tgz#32713bc028f75c02fdb710d7c7bcec1f2c6070ef"
    integrity sha512-MQcXEUbCKtEo7bhqEs6560Hyd4XaovZlO/k9V3hjVUF/zwW7KBVdSK4gIt/bzwS9MbR5qob+F5jusZsb0YQK2A==
  
  busboy@^0.2.11:
    version "0.2.14"
    resolved "https://registry.yarnpkg.com/busboy/-/busboy-0.2.14.tgz#6c2a622efcf47c57bbbe1e2a9c37ad36c7925453"
    integrity sha1-bCpiLvz0fFe7vh4qnDetNseSVFM=
    dependencies:
      dicer "0.2.5"
      readable-stream "1.1.x"
  
  bytes@3.0.0:
    version "3.0.0"
    resolved "https://registry.yarnpkg.com/bytes/-/bytes-3.0.0.tgz#d32815404d689699f85a4ea4fa8755dd13a96048"
    integrity sha1-0ygVQE1olpn4Wk6k+odV3ROpYEg=
  
  cfb@^1.1.0:
    version "1.1.0"
    resolved "https://registry.yarnpkg.com/cfb/-/cfb-1.1.0.tgz#44fb1b30eee014fa5633a0ed5f26c87fd765799a"
    integrity sha512-ZqfxNGWTMKhd0a/n6YKJLq8hWbd5kR3cA4kXwUj9vVEdHlwJ09werR8gN15Z7Y1FTXqdD6dE3GGCxv4uc28raA==
    dependencies:
      adler-32 "~1.2.0"
      commander "^2.16.0"
      crc-32 "~1.2.0"
      printj "~1.1.2"
  
  codepage@~1.14.0:
    version "1.14.0"
    resolved "https://registry.yarnpkg.com/codepage/-/codepage-1.14.0.tgz#8cbe25481323559d7d307571b0fff91e7a1d2f99"
    integrity sha1-jL4lSBMjVZ19MHVxsP/5HnodL5k=
    dependencies:
      commander "~2.14.1"
      exit-on-epipe "~1.0.1"
  
  commander@^2.16.0:
    version "2.19.0"
    resolved "https://registry.yarnpkg.com/commander/-/commander-2.19.0.tgz#f6198aa84e5b83c46054b94ddedbfed5ee9ff12a"
    integrity sha512-6tvAOO+D6OENvRAh524Dh9jcfKTYDQAqvqezbCW82xj5X0pSrcpxtvRKHLG0yBY6SD7PSDrJaj+0AiOcKVd1Xg==
  
  commander@~2.14.1:
    version "2.14.1"
    resolved "https://registry.yarnpkg.com/commander/-/commander-2.14.1.tgz#2235123e37af8ca3c65df45b026dbd357b01b9aa"
    integrity sha512-+YR16o3rK53SmWHU3rEM3tPAh2rwb1yPcQX5irVn7mb0gXbwuCCrnkbV5+PBfETdfg1vui07nM6PCG1zndcjQw==
  
  commander@~2.17.1:
    version "2.17.1"
    resolved "https://registry.yarnpkg.com/commander/-/commander-2.17.1.tgz#bd77ab7de6de94205ceacc72f1716d29f20a77bf"
    integrity sha512-wPMUt6FnH2yzG95SA6mzjQOEKUU3aLaDEmzs1ti+1E9h+CsrZghRlqEM/EJ4KscsQVG8uNN4uVreUeT8+drlgg==
  
  concat-stream@^1.5.2:
    version "1.6.2"
    resolved "https://registry.yarnpkg.com/concat-stream/-/concat-stream-1.6.2.tgz#904bdf194cd3122fc675c77fc4ac3d4ff0fd1a34"
    integrity sha512-27HBghJxjiZtIk3Ycvn/4kbJk/1uZuJFfuPEns6LaEvpvG1f0hTea8lilrouyo9mVc2GWdcEZ8OLoGmSADlrCw==
    dependencies:
      buffer-from "^1.0.0"
      inherits "^2.0.3"
      readable-stream "^2.2.2"
      typedarray "^0.0.6"
  
  content-disposition@0.5.2:
    version "0.5.2"
    resolved "https://registry.yarnpkg.com/content-disposition/-/content-disposition-0.5.2.tgz#0cf68bb9ddf5f2be7961c3a85178cb85dba78cb4"
    integrity sha1-DPaLud318r55YcOoUXjLhdunjLQ=
  
  content-type@~1.0.4:
    version "1.0.4"
    resolved "https://registry.yarnpkg.com/content-type/-/content-type-1.0.4.tgz#e138cc75e040c727b1966fe5e5f8c9aee256fe3b"
    integrity sha512-hIP3EEPs8tB9AT1L+NUqtwOAps4mk2Zob89MWXMHjHWg9milF/j4osnnQLXBCBFBk/tvIG/tUc9mOUJiPBhPXA==
  
  cookie-signature@1.0.6:
    version "1.0.6"
    resolved "https://registry.yarnpkg.com/cookie-signature/-/cookie-signature-1.0.6.tgz#e303a882b342cc3ee8ca513a79999734dab3ae2c"
    integrity sha1-4wOogrNCzD7oylE6eZmXNNqzriw=
  
  cookie@0.3.1:
    version "0.3.1"
    resolved "https://registry.yarnpkg.com/cookie/-/cookie-0.3.1.tgz#e7e0a1f9ef43b4c8ba925c5c5a96e806d16873bb"
    integrity sha1-5+Ch+e9DtMi6klxcWpboBtFoc7s=
  
  core-util-is@~1.0.0:
    version "1.0.2"
    resolved "https://registry.yarnpkg.com/core-util-is/-/core-util-is-1.0.2.tgz#b5fd54220aa2bc5ab57aab7140c940754503c1a7"
    integrity sha1-tf1UIgqivFq1eqtxQMlAdUUDwac=
  
  crc-32@~1.2.0:
    version "1.2.0"
    resolved "https://registry.yarnpkg.com/crc-32/-/crc-32-1.2.0.tgz#cb2db6e29b88508e32d9dd0ec1693e7b41a18208"
    integrity sha512-1uBwHxF+Y/4yF5G48fwnKq6QsIXheor3ZLPT80yGBV1oEUwpPojlEhQbWKVw1VwcTQyMGHK1/XMmTjmlsmTTGA==
    dependencies:
      exit-on-epipe "~1.0.1"
      printj "~1.1.0"
  
  debug@2.6.9:
    version "2.6.9"
    resolved "https://registry.yarnpkg.com/debug/-/debug-2.6.9.tgz#5d128515df134ff327e90a4c93f4e077a536341f"
    integrity sha512-bC7ElrdJaJnPbAP+1EotYvqZsb3ecl5wi6Bfi6BJTUcNowp6cvspg0jXznRTKDjm/E7AdgFBVeAPVMNcKGsHMA==
    dependencies:
      ms "2.0.0"
  
  depd@~1.1.2:
    version "1.1.2"
    resolved "https://registry.yarnpkg.com/depd/-/depd-1.1.2.tgz#9bcd52e14c097763e749b274c4346ed2e560b5a9"
    integrity sha1-m81S4UwJd2PnSbJ0xDRu0uVgtak=
  
  destroy@~1.0.4:
    version "1.0.4"
    resolved "https://registry.yarnpkg.com/destroy/-/destroy-1.0.4.tgz#978857442c44749e4206613e37946205826abd80"
    integrity sha1-l4hXRCxEdJ5CBmE+N5RiBYJqvYA=
  
  dicer@0.2.5:
    version "0.2.5"
    resolved "https://registry.yarnpkg.com/dicer/-/dicer-0.2.5.tgz#5996c086bb33218c812c090bddc09cd12facb70f"
    integrity sha1-WZbAhrszIYyBLAkL3cCc0S+stw8=
    dependencies:
      readable-stream "1.1.x"
      streamsearch "0.1.2"
  
  ee-first@1.1.1:
    version "1.1.1"
    resolved "https://registry.yarnpkg.com/ee-first/-/ee-first-1.1.1.tgz#590c61156b0ae2f4f0255732a158b266bc56b21d"
    integrity sha1-WQxhFWsK4vTwJVcyoViyZrxWsh0=
  
  encodeurl@~1.0.2:
    version "1.0.2"
    resolved "https://registry.yarnpkg.com/encodeurl/-/encodeurl-1.0.2.tgz#ad3ff4c86ec2d029322f5a02c3a9a606c95b3f59"
    integrity sha1-rT/0yG7C0CkyL1oCw6mmBslbP1k=
  
  escape-html@~1.0.3:
    version "1.0.3"
    resolved "https://registry.yarnpkg.com/escape-html/-/escape-html-1.0.3.tgz#0258eae4d3d0c0974de1c169188ef0051d1d1988"
    integrity sha1-Aljq5NPQwJdN4cFpGI7wBR0dGYg=
  
  etag@~1.8.1:
    version "1.8.1"
    resolved "https://registry.yarnpkg.com/etag/-/etag-1.8.1.tgz#41ae2eeb65efa62268aebfea83ac7d79299b0887"
    integrity sha1-Qa4u62XvpiJorr/qg6x9eSmbCIc=
  
  exit-on-epipe@~1.0.1:
    version "1.0.1"
    resolved "https://registry.yarnpkg.com/exit-on-epipe/-/exit-on-epipe-1.0.1.tgz#0bdd92e87d5285d267daa8171d0eb06159689692"
    integrity sha512-h2z5mrROTxce56S+pnvAV890uu7ls7f1kEvVGJbw1OlFH3/mlJ5bkXu0KRyW94v37zzHPiUd55iLn3DA7TjWpw==
  
  express@^4.16.4:
    version "4.16.4"
    resolved "https://registry.yarnpkg.com/express/-/express-4.16.4.tgz#fddef61926109e24c515ea97fd2f1bdbf62df12e"
    integrity sha512-j12Uuyb4FMrd/qQAm6uCHAkPtO8FDTRJZBDd5D2KOL2eLaz1yUNdUB/NOIyq0iU4q4cFarsUCrnFDPBcnksuOg==
    dependencies:
      accepts "~1.3.5"
      array-flatten "1.1.1"
      body-parser "1.18.3"
      content-disposition "0.5.2"
      content-type "~1.0.4"
      cookie "0.3.1"
      cookie-signature "1.0.6"
      debug "2.6.9"
      depd "~1.1.2"
      encodeurl "~1.0.2"
      escape-html "~1.0.3"
      etag "~1.8.1"
      finalhandler "1.1.1"
      fresh "0.5.2"
      merge-descriptors "1.0.1"
      methods "~1.1.2"
      on-finished "~2.3.0"
      parseurl "~1.3.2"
      path-to-regexp "0.1.7"
      proxy-addr "~2.0.4"
      qs "6.5.2"
      range-parser "~1.2.0"
      safe-buffer "5.1.2"
      send "0.16.2"
      serve-static "1.13.2"
      setprototypeof "1.1.0"
      statuses "~1.4.0"
      type-is "~1.6.16"
      utils-merge "1.0.1"
      vary "~1.1.2"
  
  faker@^4.1.0:
    version "4.1.0"
    resolved "https://registry.yarnpkg.com/faker/-/faker-4.1.0.tgz#1e45bbbecc6774b3c195fad2835109c6d748cc3f"
    integrity sha1-HkW7vsxndLPBlfrSg1EJxtdIzD8=
  
  finalhandler@1.1.1:
    version "1.1.1"
    resolved "https://registry.yarnpkg.com/finalhandler/-/finalhandler-1.1.1.tgz#eebf4ed840079c83f4249038c9d703008301b105"
    integrity sha512-Y1GUDo39ez4aHAw7MysnUD5JzYX+WaIj8I57kO3aEPT1fFRL4sr7mjei97FgnwhAyyzRYmQZaTHb2+9uZ1dPtg==
    dependencies:
      debug "2.6.9"
      encodeurl "~1.0.2"
      escape-html "~1.0.3"
      on-finished "~2.3.0"
      parseurl "~1.3.2"
      statuses "~1.4.0"
      unpipe "~1.0.0"
  
  forwarded@~0.1.2:
    version "0.1.2"
    resolved "https://registry.yarnpkg.com/forwarded/-/forwarded-0.1.2.tgz#98c23dab1175657b8c0573e8ceccd91b0ff18c84"
    integrity sha1-mMI9qxF1ZXuMBXPozszZGw/xjIQ=
  
  frac@~1.1.2:
    version "1.1.2"
    resolved "https://registry.yarnpkg.com/frac/-/frac-1.1.2.tgz#3d74f7f6478c88a1b5020306d747dc6313c74d0b"
    integrity sha512-w/XBfkibaTl3YDqASwfDUqkna4Z2p9cFSr1aHDt0WoMTECnRfBOv2WArlZILlqgWlmdIlALXGpM2AOhEk5W3IA==
  
  fresh@0.5.2:
    version "0.5.2"
    resolved "https://registry.yarnpkg.com/fresh/-/fresh-0.5.2.tgz#3d8cadd90d976569fa835ab1f8e4b23a105605a7"
    integrity sha1-PYyt2Q2XZWn6g1qx+OSyOhBWBac=
  
  http-errors@1.6.3, http-errors@~1.6.2, http-errors@~1.6.3:
    version "1.6.3"
    resolved "https://registry.yarnpkg.com/http-errors/-/http-errors-1.6.3.tgz#8b55680bb4be283a0b5bf4ea2e38580be1d9320d"
    integrity sha1-i1VoC7S+KDoLW/TqLjhYC+HZMg0=
    dependencies:
      depd "~1.1.2"
      inherits "2.0.3"
      setprototypeof "1.1.0"
      statuses ">= 1.4.0 < 2"
  
  iconv-lite@0.4.23:
    version "0.4.23"
    resolved "https://registry.yarnpkg.com/iconv-lite/-/iconv-lite-0.4.23.tgz#297871f63be507adcfbfca715d0cd0eed84e9a63"
    integrity sha512-neyTUVFtahjf0mB3dZT77u+8O0QB89jFdnBkd5P1JgYPbPaia3gXXOVL2fq8VyU2gMMD7SaN7QukTB/pmXYvDA==
    dependencies:
      safer-buffer ">= 2.1.2 < 3"
  
  inherits@2.0.3, inherits@^2.0.3, inherits@~2.0.1, inherits@~2.0.3:
    version "2.0.3"
    resolved "https://registry.yarnpkg.com/inherits/-/inherits-2.0.3.tgz#633c2c83e3da42a502f52466022480f4208261de"
    integrity sha1-Yzwsg+PaQqUC9SRmAiSA9CCCYd4=
  
  ipaddr.js@1.8.0:
    version "1.8.0"
    resolved "https://registry.yarnpkg.com/ipaddr.js/-/ipaddr.js-1.8.0.tgz#eaa33d6ddd7ace8f7f6fe0c9ca0440e706738b1e"
    integrity sha1-6qM9bd16zo9/b+DJygRA5wZzix4=
  
  is-any-array@^0.0.3:
    version "0.0.3"
    resolved "https://registry.yarnpkg.com/is-any-array/-/is-any-array-0.0.3.tgz#cbdd8c7189d47b53b050969245f4ef7e55550b9b"
    integrity sha512-Lr5SRykZv6uuYMZURz7+YpigT1ziTBHOTgFJ1zK7gL+9Wbet5Ha1ws6S84Jo/lH4zep02b95sk6o4+MTk97mPQ==
  
  isarray@0.0.1:
    version "0.0.1"
    resolved "https://registry.yarnpkg.com/isarray/-/isarray-0.0.1.tgz#8a18acfca9a8f4177e09abfc6038939b05d1eedf"
    integrity sha1-ihis/Kmo9Bd+Cav8YDiTmwXR7t8=
  
  isarray@~1.0.0:
    version "1.0.0"
    resolved "https://registry.yarnpkg.com/isarray/-/isarray-1.0.0.tgz#bb935d48582cba168c06834957a54a3e07124f11"
    integrity sha1-u5NdSFgsuhaMBoNJV6VKPgcSTxE=
  
  media-typer@0.3.0:
    version "0.3.0"
    resolved "https://registry.yarnpkg.com/media-typer/-/media-typer-0.3.0.tgz#8710d7af0aa626f8fffa1ce00168545263255748"
    integrity sha1-hxDXrwqmJvj/+hzgAWhUUmMlV0g=
  
  memory-pager@^1.0.2:
    version "1.1.0"
    resolved "https://registry.yarnpkg.com/memory-pager/-/memory-pager-1.1.0.tgz#9308915e0e972849fefbae6f8bc95d6b350e7344"
    integrity sha512-Mf9OHV/Y7h6YWDxTzX/b4ZZ4oh9NSXblQL8dtPCOomOtZciEHxePR78+uHFLLlsk01A6jVHhHsQZZ/WcIPpnzg==
  
  merge-descriptors@1.0.1:
    version "1.0.1"
    resolved "https://registry.yarnpkg.com/merge-descriptors/-/merge-descriptors-1.0.1.tgz#b00aaa556dd8b44568150ec9d1b953f3f90cbb61"
    integrity sha1-sAqqVW3YtEVoFQ7J0blT8/kMu2E=
  
  methods@~1.1.2:
    version "1.1.2"
    resolved "https://registry.yarnpkg.com/methods/-/methods-1.1.2.tgz#5529a4d67654134edcc5266656835b0f851afcee"
    integrity sha1-VSmk1nZUE07cxSZmVoNbD4Ua/O4=
  
  mime-db@~1.37.0:
    version "1.37.0"
    resolved "https://registry.yarnpkg.com/mime-db/-/mime-db-1.37.0.tgz#0b6a0ce6fdbe9576e25f1f2d2fde8830dc0ad0d8"
    integrity sha512-R3C4db6bgQhlIhPU48fUtdVmKnflq+hRdad7IyKhtFj06VPNVdk2RhiYL3UjQIlso8L+YxAtFkobT0VK+S/ybg==
  
  mime-types@~2.1.18:
    version "2.1.21"
    resolved "https://registry.yarnpkg.com/mime-types/-/mime-types-2.1.21.tgz#28995aa1ecb770742fe6ae7e58f9181c744b3f96"
    integrity sha512-3iL6DbwpyLzjR3xHSFNFeb9Nz/M8WDkX33t1GFQnFOllWk8pOrh/LSrB5OXlnlW5P9LH73X6loW/eogc+F5lJg==
    dependencies:
      mime-db "~1.37.0"
  
  mime@1.4.1:
    version "1.4.1"
    resolved "https://registry.yarnpkg.com/mime/-/mime-1.4.1.tgz#121f9ebc49e3766f311a76e1fa1c8003c4b03aa6"
    integrity sha512-KI1+qOZu5DcW6wayYHSzR/tXKCDC5Om4s1z2QJjDULzLcmf3DvzS7oluY4HCTrc+9FiKmWUgeNLg7W3uIQvxtQ==
  
  minimist@0.0.8:
    version "0.0.8"
    resolved "https://registry.yarnpkg.com/minimist/-/minimist-0.0.8.tgz#857fcabfc3397d2625b8228262e86aa7a011b05d"
    integrity sha1-hX/Kv8M5fSYluCKCYuhqp6ARsF0=
  
  mkdirp@^0.5.1:
    version "0.5.1"
    resolved "https://registry.yarnpkg.com/mkdirp/-/mkdirp-0.5.1.tgz#30057438eac6cf7f8c4767f38648d6697d75c903"
    integrity sha1-MAV0OOrGz3+MR2fzhkjWaX11yQM=
    dependencies:
      minimist "0.0.8"
  
  ml-array-max@^1.0.2, ml-array-max@^1.1.1:
    version "1.1.1"
    resolved "https://registry.yarnpkg.com/ml-array-max/-/ml-array-max-1.1.1.tgz#0192a646853a5cd1085133def02c1271101ddd86"
    integrity sha512-lEtVH02mkRESnwCq6y0w8rrnRltwlEmYKRuYNZGSmpiqL+TcHc1Z/kn73Ga9L3iFtyYOtmdLGug0ufGy0xbfmw==
    dependencies:
      is-any-array "^0.0.3"
  
  ml-array-min@^1.1.1:
    version "1.1.1"
    resolved "https://registry.yarnpkg.com/ml-array-min/-/ml-array-min-1.1.1.tgz#52bb6315325cd28e39b412282ef5a44416bd2e11"
    integrity sha512-xwUm80ktZLoKMK5j0yilCM8/X07KaW/yvnBiqxPxLRkzIEqK2NA2lHw5uvDpfEYYBUzZbMIG/jHDum+YrjKvPg==
    dependencies:
      is-any-array "^0.0.3"
  
  ml-array-rescale@^1.1.1:
    version "1.2.1"
    resolved "https://registry.yarnpkg.com/ml-array-rescale/-/ml-array-rescale-1.2.1.tgz#8fc10ef0472a3bf27602d6089e6f93a2fb7d9fe5"
    integrity sha512-C9YliVwYknxBNFXXbCFwCDUZScZkgL82CEL4GdpdhWAvUTZIRn7opAOOj4ZnZZXjIrUFCV+YB99DKM1frd9eOQ==
    dependencies:
      is-any-array "^0.0.3"
      ml-array-max "^1.1.1"
      ml-array-min "^1.1.1"
  
  ml-distance-euclidean@^2.0.0:
    version "2.0.0"
    resolved "https://registry.yarnpkg.com/ml-distance-euclidean/-/ml-distance-euclidean-2.0.0.tgz#3a668d236649d1b8fec96380b9435c6f42c9a817"
    integrity sha512-yC9/2o8QF0A3m/0IXqCTXCzz2pNEzvmcE/9HFKOZGnTjatvBbsn4lWYJkxENkA4Ug2fnYl7PXQxnPi21sgMy/Q==
  
  ml-kmeans@^4.2.1:
    version "4.2.1"
    resolved "https://registry.yarnpkg.com/ml-kmeans/-/ml-kmeans-4.2.1.tgz#5fc14bb01226dba077067ffd7245297a80a2e149"
    integrity sha512-MyXoWfDuoH+eYjPCIvfMXBuQ0K473APoc57oeFSFcGCHPZuppVv8cQKnhxYb8ZDEMN47MgcPtcHmueTeq6JmVQ==
    dependencies:
      ml-distance-euclidean "^2.0.0"
      ml-matrix "^5.1.1"
      ml-nearest-vector "^2.0.1"
      ml-random "^0.5.0"
  
  ml-matrix@^5.1.1:
    version "5.2.0"
    resolved "https://registry.yarnpkg.com/ml-matrix/-/ml-matrix-5.2.0.tgz#3cabcf5a4f59e1c45bb7fd0e91700beb344c4f7e"
    integrity sha512-YoldgXeLw77cFAO9wCFMkOM9HAmgm1SHPaXVanevb0p1jn/G88ixv7v40/1hL+K0P2DJlMsNy4kNL0c0jtAfjw==
    dependencies:
      ml-array-max "^1.0.2"
      ml-array-rescale "^1.1.1"
  
  ml-nearest-vector@^2.0.1:
    version "2.0.1"
    resolved "https://registry.yarnpkg.com/ml-nearest-vector/-/ml-nearest-vector-2.0.1.tgz#fa9dae2e39e9abe2a2a53a3404f0fe077803d240"
    integrity sha512-gMPwNm3eed59ewJYiCK/+wElWBfNoD6JizH965ePiQgCo0pvQL63w4YdZhLs5eUV0iWcq6brVMUBL6iMySHnqg==
    dependencies:
      ml-distance-euclidean "^2.0.0"
  
  ml-random@^0.5.0:
    version "0.5.0"
    resolved "https://registry.yarnpkg.com/ml-random/-/ml-random-0.5.0.tgz#d6f7c0e8fbcebee05a14ece9a411769508c5eb3b"
    integrity sha512-zLJBmNb34LOz+vN6BD8l3aYm/VWYWbmAunrLMPs4dHf4gTl8BWlhil72j56HubPg86zrXioIs4qoHq7Topy6tw==
    dependencies:
      ml-xsadd "^2.0.0"
  
  ml-xsadd@^2.0.0:
    version "2.0.0"
    resolved "https://registry.yarnpkg.com/ml-xsadd/-/ml-xsadd-2.0.0.tgz#e289308aaf1d68627d7baf198e7571192899f588"
    integrity sha512-VoAYUqmPRmzKbbqRejjqceGFp3VF81Qe8XXFGU0UXLxB7Mf4GGvyGq5Qn3k4AiQgDEV6WzobqlPOd+j0+m6IrA==
  
  mongodb-core@3.1.9:
    version "3.1.9"
    resolved "https://registry.yarnpkg.com/mongodb-core/-/mongodb-core-3.1.9.tgz#c31ee407bf932b0149eaed775c17ee09974e4ca3"
    integrity sha512-MJpciDABXMchrZphh3vMcqu8hkNf/Mi+Gk6btOimVg1XMxLXh87j6FAvRm+KmwD1A9fpu3qRQYcbQe4egj23og==
    dependencies:
      bson "^1.1.0"
      require_optional "^1.0.1"
      safe-buffer "^5.1.2"
    optionalDependencies:
      saslprep "^1.0.0"
  
  mongodb@^3.1.10:
    version "3.1.10"
    resolved "https://registry.yarnpkg.com/mongodb/-/mongodb-3.1.10.tgz#45ad9b74ea376f4122d0881b75e5489b9e504ed7"
    integrity sha512-Uml42GeFxhTGQVml1XQ4cD0o/rp7J2ROy0fdYUcVitoE7vFqEhKH4TYVqRDpQr/bXtCJVxJdNQC1ntRxNREkPQ==
    dependencies:
      mongodb-core "3.1.9"
      safe-buffer "^5.1.2"
  
  ms@2.0.0:
    version "2.0.0"
    resolved "https://registry.yarnpkg.com/ms/-/ms-2.0.0.tgz#5608aeadfc00be6c2901df5f9861788de0d597c8"
    integrity sha1-VgiurfwAvmwpAd9fmGF4jeDVl8g=
  
  multer@^1.4.1:
    version "1.4.1"
    resolved "https://registry.yarnpkg.com/multer/-/multer-1.4.1.tgz#24b12a416a22fec2ade810539184bf138720159e"
    integrity sha512-zzOLNRxzszwd+61JFuAo0fxdQfvku12aNJgnla0AQ+hHxFmfc/B7jBVuPr5Rmvu46Jze/iJrFpSOsD7afO8SDw==
    dependencies:
      append-field "^1.0.0"
      busboy "^0.2.11"
      concat-stream "^1.5.2"
      mkdirp "^0.5.1"
      object-assign "^4.1.1"
      on-finished "^2.3.0"
      type-is "^1.6.4"
      xtend "^4.0.0"
  
  negotiator@0.6.1:
    version "0.6.1"
    resolved "https://registry.yarnpkg.com/negotiator/-/negotiator-0.6.1.tgz#2b327184e8992101177b28563fb5e7102acd0ca9"
    integrity sha1-KzJxhOiZIQEXeyhWP7XnECrNDKk=
  
  node-kmeans@^1.1.8:
    version "1.1.8"
    resolved "https://registry.yarnpkg.com/node-kmeans/-/node-kmeans-1.1.8.tgz#abfc87d18fa3c473470bf0e6b6d683eec5446c92"
    integrity sha512-ECRohwrZzZMbvbGhlnALCozmMub1MuJJQEAFRoWiirR8WhcWXMmsmfCiEv+PcytFTt8E6TIgFMDPE6de2RTApQ==
    dependencies:
      underscore "1.4.2"
  
  object-assign@^4.1.1:
    version "4.1.1"
    resolved "https://registry.yarnpkg.com/object-assign/-/object-assign-4.1.1.tgz#2109adc7965887cfc05cbbd442cac8bfbb360863"
    integrity sha1-IQmtx5ZYh8/AXLvUQsrIv7s2CGM=
  
  on-finished@^2.3.0, on-finished@~2.3.0:
    version "2.3.0"
    resolved "https://registry.yarnpkg.com/on-finished/-/on-finished-2.3.0.tgz#20f1336481b083cd75337992a16971aa2d906947"
    integrity sha1-IPEzZIGwg811M3mSoWlxqi2QaUc=
    dependencies:
      ee-first "1.1.1"
  
  parseurl@~1.3.2:
    version "1.3.2"
    resolved "https://registry.yarnpkg.com/parseurl/-/parseurl-1.3.2.tgz#fc289d4ed8993119460c156253262cdc8de65bf3"
    integrity sha1-/CidTtiZMRlGDBViUyYs3I3mW/M=
  
  path-to-regexp@0.1.7:
    version "0.1.7"
    resolved "https://registry.yarnpkg.com/path-to-regexp/-/path-to-regexp-0.1.7.tgz#df604178005f522f15eb4490e7247a1bfaa67f8c"
    integrity sha1-32BBeABfUi8V60SQ5yR6G/qmf4w=
  
  printj@~1.1.0, printj@~1.1.2:
    version "1.1.2"
    resolved "https://registry.yarnpkg.com/printj/-/printj-1.1.2.tgz#d90deb2975a8b9f600fb3a1c94e3f4c53c78a222"
    integrity sha512-zA2SmoLaxZyArQTOPj5LXecR+RagfPSU5Kw1qP+jkWeNlrq+eJZyY2oS68SU1Z/7/myXM4lo9716laOFAVStCQ==
  
  process-nextick-args@~2.0.0:
    version "2.0.0"
    resolved "https://registry.yarnpkg.com/process-nextick-args/-/process-nextick-args-2.0.0.tgz#a37d732f4271b4ab1ad070d35508e8290788ffaa"
    integrity sha512-MtEC1TqN0EU5nephaJ4rAtThHtC86dNN9qCuEhtshvpVBkAW5ZO7BASN9REnF9eoXGcRub+pFuKEpOHE+HbEMw==
  
  proxy-addr@~2.0.4:
    version "2.0.4"
    resolved "https://registry.yarnpkg.com/proxy-addr/-/proxy-addr-2.0.4.tgz#ecfc733bf22ff8c6f407fa275327b9ab67e48b93"
    integrity sha512-5erio2h9jp5CHGwcybmxmVqHmnCBZeewlfJ0pex+UW7Qny7OOZXTtH56TGNyBizkgiOwhJtMKrVzDTeKcySZwA==
    dependencies:
      forwarded "~0.1.2"
      ipaddr.js "1.8.0"
  
  qs@6.5.2:
    version "6.5.2"
    resolved "https://registry.yarnpkg.com/qs/-/qs-6.5.2.tgz#cb3ae806e8740444584ef154ce8ee98d403f3e36"
    integrity sha512-N5ZAX4/LxJmF+7wN74pUD6qAh9/wnvdQcjq9TZjevvXzSUo7bfmw91saqMjzGS2xq91/odN2dW/WOl7qQHNDGA==
  
  range-parser@~1.2.0:
    version "1.2.0"
    resolved "https://registry.yarnpkg.com/range-parser/-/range-parser-1.2.0.tgz#f49be6b487894ddc40dcc94a322f611092e00d5e"
    integrity sha1-9JvmtIeJTdxA3MlKMi9hEJLgDV4=
  
  raw-body@2.3.3:
    version "2.3.3"
    resolved "https://registry.yarnpkg.com/raw-body/-/raw-body-2.3.3.tgz#1b324ece6b5706e153855bc1148c65bb7f6ea0c3"
    integrity sha512-9esiElv1BrZoI3rCDuOuKCBRbuApGGaDPQfjSflGxdy4oyzqghxu6klEkkVIvBje+FF0BX9coEv8KqW6X/7njw==
    dependencies:
      bytes "3.0.0"
      http-errors "1.6.3"
      iconv-lite "0.4.23"
      unpipe "1.0.0"
  
  readable-stream@1.1.x:
    version "1.1.14"
    resolved "https://registry.yarnpkg.com/readable-stream/-/readable-stream-1.1.14.tgz#7cf4c54ef648e3813084c636dd2079e166c081d9"
    integrity sha1-fPTFTvZI44EwhMY23SB54WbAgdk=
    dependencies:
      core-util-is "~1.0.0"
      inherits "~2.0.1"
      isarray "0.0.1"
      string_decoder "~0.10.x"
  
  readable-stream@^2.2.2:
    version "2.3.6"
    resolved "https://registry.yarnpkg.com/readable-stream/-/readable-stream-2.3.6.tgz#b11c27d88b8ff1fbe070643cf94b0c79ae1b0aaf"
    integrity sha512-tQtKA9WIAhBF3+VLAseyMqZeBjW0AHJoxOtYqSUZNJxauErmLbVm2FW1y+J/YA9dUrAC39ITejlZWhVIwawkKw==
    dependencies:
      core-util-is "~1.0.0"
      inherits "~2.0.3"
      isarray "~1.0.0"
      process-nextick-args "~2.0.0"
      safe-buffer "~5.1.1"
      string_decoder "~1.1.1"
      util-deprecate "~1.0.1"
  
  require_optional@^1.0.1:
    version "1.0.1"
    resolved "https://registry.yarnpkg.com/require_optional/-/require_optional-1.0.1.tgz#4cf35a4247f64ca3df8c2ef208cc494b1ca8fc2e"
    integrity sha512-qhM/y57enGWHAe3v/NcwML6a3/vfESLe/sGM2dII+gEO0BpKRUkWZow/tyloNqJyN6kXSl3RyyM8Ll5D/sJP8g==
    dependencies:
      resolve-from "^2.0.0"
      semver "^5.1.0"
  
  resolve-from@^2.0.0:
    version "2.0.0"
    resolved "https://registry.yarnpkg.com/resolve-from/-/resolve-from-2.0.0.tgz#9480ab20e94ffa1d9e80a804c7ea147611966b57"
    integrity sha1-lICrIOlP+h2egKgEx+oUdhGWa1c=
  
  safe-buffer@5.1.2, safe-buffer@^5.1.2, safe-buffer@~5.1.0, safe-buffer@~5.1.1:
    version "5.1.2"
    resolved "https://registry.yarnpkg.com/safe-buffer/-/safe-buffer-5.1.2.tgz#991ec69d296e0313747d59bdfd2b745c35f8828d"
    integrity sha512-Gd2UZBJDkXlY7GbJxfsE8/nvKkUEU1G38c1siN6QP6a9PT9MmHB8GnpscSmMJSoF8LOIrt8ud/wPtojys4G6+g==
  
  "safer-buffer@>= 2.1.2 < 3":
    version "2.1.2"
    resolved "https://registry.yarnpkg.com/safer-buffer/-/safer-buffer-2.1.2.tgz#44fa161b0187b9549dd84bb91802f9bd8385cd6a"
    integrity sha512-YZo3K82SD7Riyi0E1EQPojLz7kpepnSQI9IyPbHHg1XXXevb5dJI7tpyN2ADxGcQbHG7vcyRHk0cbwqcQriUtg==
  
  saslprep@^1.0.0:
    version "1.0.2"
    resolved "https://registry.yarnpkg.com/saslprep/-/saslprep-1.0.2.tgz#da5ab936e6ea0bbae911ffec77534be370c9f52d"
    integrity sha512-4cDsYuAjXssUSjxHKRe4DTZC0agDwsCqcMqtJAQPzC74nJ7LfAJflAtC1Zed5hMzEQKj82d3tuzqdGNRsLJ4Gw==
    dependencies:
      sparse-bitfield "^3.0.3"
  
  semver@^5.1.0:
    version "5.6.0"
    resolved "https://registry.yarnpkg.com/semver/-/semver-5.6.0.tgz#7e74256fbaa49c75aa7c7a205cc22799cac80004"
    integrity sha512-RS9R6R35NYgQn++fkDWaOmqGoj4Ek9gGs+DPxNUZKuwE183xjJroKvyo1IzVFeXvUrvmALy6FWD5xrdJT25gMg==
  
  send@0.16.2:
    version "0.16.2"
    resolved "https://registry.yarnpkg.com/send/-/send-0.16.2.tgz#6ecca1e0f8c156d141597559848df64730a6bbc1"
    integrity sha512-E64YFPUssFHEFBvpbbjr44NCLtI1AohxQ8ZSiJjQLskAdKuriYEP6VyGEsRDH8ScozGpkaX1BGvhanqCwkcEZw==
    dependencies:
      debug "2.6.9"
      depd "~1.1.2"
      destroy "~1.0.4"
      encodeurl "~1.0.2"
      escape-html "~1.0.3"
      etag "~1.8.1"
      fresh "0.5.2"
      http-errors "~1.6.2"
      mime "1.4.1"
      ms "2.0.0"
      on-finished "~2.3.0"
      range-parser "~1.2.0"
      statuses "~1.4.0"
  
  serve-static@1.13.2:
    version "1.13.2"
    resolved "https://registry.yarnpkg.com/serve-static/-/serve-static-1.13.2.tgz#095e8472fd5b46237db50ce486a43f4b86c6cec1"
    integrity sha512-p/tdJrO4U387R9oMjb1oj7qSMaMfmOyd4j9hOFoxZe2baQszgHcSWjuya/CiT5kgZZKRudHNOA0pYXOl8rQ5nw==
    dependencies:
      encodeurl "~1.0.2"
      escape-html "~1.0.3"
      parseurl "~1.3.2"
      send "0.16.2"
  
  setprototypeof@1.1.0:
    version "1.1.0"
    resolved "https://registry.yarnpkg.com/setprototypeof/-/setprototypeof-1.1.0.tgz#d0bd85536887b6fe7c0d818cb962d9d91c54e656"
    integrity sha512-BvE/TwpZX4FXExxOxZyRGQQv651MSwmWKZGqvmPcRIjDqWub67kTKuIMx43cZZrS/cBBzwBcNDWoFxt2XEFIpQ==
  
  sparse-bitfield@^3.0.3:
    version "3.0.3"
    resolved "https://registry.yarnpkg.com/sparse-bitfield/-/sparse-bitfield-3.0.3.tgz#ff4ae6e68656056ba4b3e792ab3334d38273ca11"
    integrity sha1-/0rm5oZWBWuks+eSqzM004JzyhE=
    dependencies:
      memory-pager "^1.0.2"
  
  ssf@~0.10.2:
    version "0.10.2"
    resolved "https://registry.yarnpkg.com/ssf/-/ssf-0.10.2.tgz#65b2b4fcdfd967bc8e8383a41349009893115976"
    integrity sha512-rDhAPm9WyIsY8eZEKyE8Qsotb3j/wBdvMWBUsOhJdfhKGLfQidRjiBUV0y/MkyCLiXQ38FG6LWW/VYUtqlIDZQ==
    dependencies:
      frac "~1.1.2"
  
  "statuses@>= 1.4.0 < 2":
    version "1.5.0"
    resolved "https://registry.yarnpkg.com/statuses/-/statuses-1.5.0.tgz#161c7dac177659fd9811f43771fa99381478628c"
    integrity sha1-Fhx9rBd2Wf2YEfQ3cfqZOBR4Yow=
  
  statuses@~1.4.0:
    version "1.4.0"
    resolved "https://registry.yarnpkg.com/statuses/-/statuses-1.4.0.tgz#bb73d446da2796106efcc1b601a253d6c46bd087"
    integrity sha512-zhSCtt8v2NDrRlPQpCNtw/heZLtfUDqxBM1udqikb/Hbk52LK4nQSwr10u77iopCW5LsyHpuXS0GnEc48mLeew==
  
  streamsearch@0.1.2:
    version "0.1.2"
    resolved "https://registry.yarnpkg.com/streamsearch/-/streamsearch-0.1.2.tgz#808b9d0e56fc273d809ba57338e929919a1a9f1a"
    integrity sha1-gIudDlb8Jz2Am6VzOOkpkZoanxo=
  
  string_decoder@~0.10.x:
    version "0.10.31"
    resolved "https://registry.yarnpkg.com/string_decoder/-/string_decoder-0.10.31.tgz#62e203bc41766c6c28c9fc84301dab1c5310fa94"
    integrity sha1-YuIDvEF2bGwoyfyEMB2rHFMQ+pQ=
  
  string_decoder@~1.1.1:
    version "1.1.1"
    resolved "https://registry.yarnpkg.com/string_decoder/-/string_decoder-1.1.1.tgz#9cf1611ba62685d7030ae9e4ba34149c3af03fc8"
    integrity sha512-n/ShnvDi6FHbbVfviro+WojiFzv+s8MPMHBczVePfUpDJLwoLT0ht1l4YwBCbi8pJAveEEdnkHyPyTP/mzRfwg==
    dependencies:
      safe-buffer "~5.1.0"
  
  type-is@^1.6.4, type-is@~1.6.16:
    version "1.6.16"
    resolved "https://registry.yarnpkg.com/type-is/-/type-is-1.6.16.tgz#f89ce341541c672b25ee7ae3c73dee3b2be50194"
    integrity sha512-HRkVv/5qY2G6I8iab9cI7v1bOIdhm94dVjQCPFElW9W+3GeDOSHmy2EBYe4VTApuzolPcmgFTN3ftVJRKR2J9Q==
    dependencies:
      media-typer "0.3.0"
      mime-types "~2.1.18"
  
  typedarray@^0.0.6:
    version "0.0.6"
    resolved "https://registry.yarnpkg.com/typedarray/-/typedarray-0.0.6.tgz#867ac74e3864187b1d3d47d996a78ec5c8830777"
    integrity sha1-hnrHTjhkGHsdPUfZlqeOxciDB3c=
  
  underscore@1.4.2:
    version "1.4.2"
    resolved "https://registry.yarnpkg.com/underscore/-/underscore-1.4.2.tgz#cb2aae6a7999a89fd55aaee75bce0311698cebfb"
    integrity sha1-yyquanmZqJ/VWq7nW84DEWmM6/s=
  
  unpipe@1.0.0, unpipe@~1.0.0:
    version "1.0.0"
    resolved "https://registry.yarnpkg.com/unpipe/-/unpipe-1.0.0.tgz#b2bf4ee8514aae6165b4817829d21b2ef49904ec"
    integrity sha1-sr9O6FFKrmFltIF4KdIbLvSZBOw=
  
  util-deprecate@~1.0.1:
    version "1.0.2"
    resolved "https://registry.yarnpkg.com/util-deprecate/-/util-deprecate-1.0.2.tgz#450d4dc9fa70de732762fbd2d4a28981419a0ccf"
    integrity sha1-RQ1Nyfpw3nMnYvvS1KKJgUGaDM8=
  
  utils-merge@1.0.1:
    version "1.0.1"
    resolved "https://registry.yarnpkg.com/utils-merge/-/utils-merge-1.0.1.tgz#9f95710f50a267947b2ccc124741c1028427e713"
    integrity sha1-n5VxD1CiZ5R7LMwSR0HBAoQn5xM=
  
  vary@~1.1.2:
    version "1.1.2"
    resolved "https://registry.yarnpkg.com/vary/-/vary-1.1.2.tgz#2299f02c6ded30d4a5961b0b9f74524a18f634fc"
    integrity sha1-IpnwLG3tMNSllhsLn3RSShj2NPw=
  
  xlsx@^0.14.1:
    version "0.14.1"
    resolved "https://registry.yarnpkg.com/xlsx/-/xlsx-0.14.1.tgz#ecedf536bd1e94055486ff484f5888dcaa89bd3d"
    integrity sha512-7hjB5YuyJo1fuuzXQjwuxD8LSUzE4Rxu5ToC3fB5JSunZxGjLcgKg69bEFG9GYoxeVDx5GL0k1dUodlvaQNRQw==
    dependencies:
      adler-32 "~1.2.0"
      cfb "^1.1.0"
      codepage "~1.14.0"
      commander "~2.17.1"
      crc-32 "~1.2.0"
      exit-on-epipe "~1.0.1"
      ssf "~0.10.2"
  
  xtend@^4.0.0:
    version "4.0.1"
    resolved "https://registry.yarnpkg.com/xtend/-/xtend-4.0.1.tgz#a5c6d532be656e23db820efb943a1f04998d63af"
    integrity sha1-pcbVMr5lbiPbgg77lDofBJmNY68=
